
=== Mon Jun 17 15:15:38 2019

Packages were changed.
Update Mode: updateDependencies

The following packages were added:
  com.unity.collab-proxy@1.2.15
The following packages were updated:
  com.unity.package-manager-ui from version 1.9.11 to 2.0.7
  com.unity.textmeshpro from version 1.2.4 to 1.3.0

=== Sun Aug 18 14:09:22 2019

Packages were changed.
Update Mode: updateDependencies

The following packages were added:
  com.unity.2d.tilemap@1.0.0
  com.unity.ext.nunit@1.0.0
  com.unity.test-framework@1.0.13
  com.unity.timeline@1.1.0
  com.unity.2d.sprite@1.0.0
  com.unity.ide.vscode@1.0.7
  com.unity.ide.rider@1.0.8
  com.unity.ugui@1.0.0
  com.unity.modules.androidjni@1.0.0
  com.unity.multiplayer-hlapi@1.0.2
  com.unity.xr.legacyinputhelpers@2.0.2
The following packages were updated:
  com.unity.collab-proxy from version 1.2.15 to 1.2.16
  com.unity.package-manager-ui from version 2.0.7 to 2.2.0
  com.unity.textmeshpro from version 1.3.0 to 2.0.1

=== Thu Mar 12 11:48:00 2020

Packages were changed.
Update Mode: updateDependencies

The following packages were added:
  com.unity.ide.visualstudio@2.0.0
The following packages were updated:
  com.unity.collab-proxy from version 1.2.16 to 1.3.7
  com.unity.ide.rider from version 1.0.8 to 1.2.1
  com.unity.ide.vscode from version 1.0.7 to 1.1.4
  com.unity.test-framework from version 1.0.13 to 1.1.11
  com.unity.textmeshpro from version 2.0.1 to 3.0.0-preview.1
  com.unity.timeline from version 1.1.0 to 1.2.6
The following packages were removed:
  com.unity.package-manager-ui@2.2.0

=== Tue Jun 16 17:18:11 2020

Packages were changed.
Update Mode: updateDependencies

The following packages were updated:
  com.unity.ide.visualstudio from version 2.0.0 to 2.0.1
  com.unity.ide.vscode from version 1.1.4 to 1.2.1
  com.unity.render-pipelines.universal from version 7.1.8 to 8.1.0
  com.unity.test-framework from version 1.1.11 to 1.1.14
  com.unity.xr.legacyinputhelpers from version 2.0.2 to 2.1.4
